SF:lib\data\datasources\tv_series_local_data_source.dart
DA:17,1
DA:20,1
DA:22,3
DA:25,2
DA:30,1
DA:32,3
DA:35,2
DA:40,1
DA:41,3
DA:43,1
DA:50,1
DA:51,3
DA:52,4
LF:13
LH:13
end_of_record
SF:lib\data\datasources\db\database_helper_tv_series.dart
DA:9,0
DA:13,0
DA:14,0
DA:18,0
DA:19,0
DA:25,0
DA:26,0
DA:27,0
DA:29,0
DA:32,0
DA:33,0
DA:38,0
DA:39,0
DA:46,0
DA:49,0
DA:50,0
DA:51,0
DA:54,0
DA:55,0
DA:56,0
DA:59,0
DA:63,0
DA:64,0
DA:65,0
DA:68,0
DA:71,0
DA:72,0
DA:78,0
DA:79,0
DA:81,0
LF:30
LH:0
end_of_record
SF:lib\data\datasources\tv_series_remote_data_source.dart
DA:33,0
DA:39,0
DA:41,0
DA:43,0
DA:44,0
DA:46,0
DA:51,0
DA:53,0
DA:55,0
DA:56,0
DA:58,0
DA:63,0
DA:65,0
DA:67,0
DA:68,0
DA:70,0
DA:75,0
DA:76,0
DA:78,0
DA:79,0
DA:81,0
DA:86,0
DA:87,0
DA:88,0
DA:90,0
DA:91,0
DA:93,0
DA:98,0
DA:99,0
DA:100,0
DA:102,0
DA:103,0
DA:105,0
LF:33
LH:0
end_of_record
SF:lib\data\models\tv_series_detail_model.dart
DA:6,1
DA:34,0
DA:35,0
DA:36,0
DA:37,0
DA:38,0
DA:39,0
DA:40,0
DA:41,0
DA:42,0
DA:43,0
DA:44,0
DA:45,0
DA:46,0
DA:47,0
DA:48,0
DA:51,0
DA:52,0
DA:53,0
DA:54,0
DA:55,0
DA:56,0
DA:57,0
DA:58,0
DA:59,0
DA:60,0
DA:61,0
DA:62,0
DA:63,0
DA:66,1
DA:67,1
DA:68,1
DA:69,1
DA:70,5
DA:71,1
DA:72,1
DA:73,1
DA:74,1
DA:75,1
DA:76,1
DA:77,1
DA:78,1
DA:79,1
DA:83,0
DA:84,0
DA:85,0
DA:86,0
DA:87,0
DA:88,0
DA:89,0
DA:90,0
DA:91,0
DA:92,0
DA:93,0
DA:94,0
DA:95,0
DA:96,0
LF:57
LH:15
end_of_record
SF:lib\data\models\tv_series_model.dart
DA:5,3
DA:35,0
DA:36,0
DA:37,0
DA:38,0
DA:39,0
DA:40,0
DA:41,0
DA:42,0
DA:43,0
DA:44,0
DA:45,0
DA:46,0
DA:47,0
DA:48,0
DA:51,2
DA:52,1
DA:53,1
DA:54,1
DA:55,1
DA:56,1
DA:57,1
DA:58,1
DA:59,4
DA:60,4
DA:61,1
DA:62,1
DA:63,1
DA:64,1
DA:67,2
DA:68,2
DA:69,2
DA:70,2
DA:71,2
DA:72,2
DA:73,2
DA:74,2
DA:75,2
DA:76,2
DA:77,2
DA:78,2
DA:79,2
DA:80,2
DA:81,2
DA:84,0
DA:85,0
DA:86,0
DA:87,0
DA:88,0
DA:89,0
DA:90,0
DA:91,0
DA:92,0
DA:93,0
DA:94,0
DA:95,0
DA:96,0
DA:97,0
DA:98,0
LF:59
LH:30
end_of_record
SF:lib\data\models\tv_series_table.dart
DA:10,11
DA:17,1
DA:18,1
DA:19,1
DA:20,1
DA:21,1
DA:22,1
DA:25,2
DA:26,1
DA:27,1
DA:28,1
DA:29,1
DA:32,0
DA:33,0
DA:34,0
DA:35,0
DA:36,0
DA:39,2
DA:40,1
DA:41,1
DA:42,1
DA:43,1
DA:46,2
DA:47,10
LF:24
LH:19
end_of_record
SF:lib\domain\entities\tv.dart
DA:5,6
DA:21,1
DA:42,6
DA:43,6
DA:44,6
DA:45,6
DA:46,6
DA:47,6
DA:48,6
DA:49,6
DA:50,6
DA:51,6
DA:52,6
DA:53,6
DA:54,6
DA:55,6
DA:56,6
LF:17
LH:17
end_of_record
SF:lib\domain\entities\tv_series_detail.dart
DA:5,4
DA:33,2
DA:34,2
DA:35,2
DA:36,2
DA:37,2
DA:38,2
DA:39,2
DA:40,2
DA:41,2
DA:42,2
DA:43,2
DA:44,2
DA:45,2
DA:46,2
LF:15
LH:15
end_of_record
SF:lib\presentation\widgets\tv_series_card_list.dart
DA:9,0
DA:11,0
DA:13,0
DA:15,0
DA:16,0
DA:17,0
DA:20,0
DA:23,0
DA:25,0
DA:26,0
DA:27,0
DA:33,0
DA:35,0
DA:36,0
DA:37,0
DA:40,0
DA:43,0
DA:44,0
DA:52,0
DA:57,0
DA:58,0
DA:59,0
DA:61,0
DA:64,0
LF:24
LH:0
end_of_record
SF:lib\data\models\tv_series_response.dart
DA:7,1
DA:9,0
DA:10,0
DA:11,0
DA:12,0
DA:13,0
DA:16,2
DA:17,5
DA:20,0
DA:21,0
LF:10
LH:3
end_of_record
SF:lib\data\repositories\tv_series_repository_impl.dart
DA:12,1
DA:18,1
DA:20,3
DA:21,5
DA:22,1
DA:23,2
DA:24,1
DA:25,2
DA:30,1
DA:32,3
DA:33,5
DA:34,1
DA:35,2
DA:36,1
DA:37,2
DA:42,1
DA:44,3
DA:45,5
DA:46,1
DA:47,2
DA:48,1
DA:49,2
DA:54,1
DA:56,3
DA:57,2
DA:58,1
DA:59,2
DA:60,1
DA:61,2
DA:66,1
DA:68,3
DA:69,3
DA:70,1
DA:71,2
DA:72,1
DA:73,2
DA:78,1
DA:81,2
DA:82,2
DA:83,1
DA:84,1
DA:85,3
DA:92,1
DA:95,2
DA:96,2
DA:97,1
DA:98,1
DA:99,3
DA:104,1
DA:105,3
DA:110,1
DA:111,3
DA:112,5
DA:116,1
DA:118,3
DA:119,5
DA:120,1
DA:121,2
DA:122,1
DA:123,2
LF:60
LH:60
end_of_record
SF:lib\domain\usecases\get_on_the_air_tv_series.dart
DA:9,1
DA:11,1
DA:12,2
LF:3
LH:3
end_of_record
SF:lib\domain\usecases\get_popular_tv_series.dart
DA:9,1
DA:11,1
DA:12,2
LF:3
LH:3
end_of_record
SF:lib\domain\usecases\get_top_rated_tv_series.dart
DA:9,1
DA:11,1
DA:12,2
LF:3
LH:3
end_of_record
SF:lib\domain\usecases\get_tv_series_detail.dart
DA:9,1
DA:11,1
DA:12,2
LF:3
LH:3
end_of_record
SF:lib\domain\usecases\get_tv_series_recommendations.dart
DA:9,1
DA:11,1
DA:12,2
LF:3
LH:3
end_of_record
SF:lib\presentation\bloc\detail\tv_series_detail_state.dart
DA:4,3
DA:6,1
DA:7,1
DA:17,2
DA:19,1
DA:20,2
DA:26,2
DA:28,1
DA:29,2
LF:9
LH:9
end_of_record
SF:lib\presentation\bloc\detail\tv_series_detail_event.dart
DA:4,2
DA:6,0
DA:7,0
DA:13,2
DA:15,0
DA:16,0
LF:6
LH:2
end_of_record
SF:lib\presentation\bloc\detail\tv_series_detail_bloc.dart
DA:14,3
DA:15,2
DA:16,2
DA:18,4
DA:20,1
DA:21,2
DA:22,2
DA:24,2
DA:25,1
LF:9
LH:9
end_of_record
SF:lib\presentation\bloc\on_the_air\on_the_air_tv_series_state.dart
DA:4,4
DA:6,1
DA:7,1
DA:17,2
DA:19,1
DA:20,2
DA:26,3
DA:28,1
DA:29,2
LF:9
LH:9
end_of_record
SF:lib\presentation\bloc\on_the_air\on_the_air_tv_series_event.dart
DA:4,2
DA:6,0
DA:7,0
LF:3
LH:1
end_of_record
SF:lib\presentation\bloc\on_the_air\on_the_air_tv_series_bloc.dart
DA:14,3
DA:15,2
DA:16,2
DA:18,3
DA:20,1
DA:21,4
DA:22,2
DA:23,1
LF:8
LH:8
end_of_record
SF:lib\presentation\bloc\popular\popular_tv_series_bloc.dart
DA:15,3
DA:16,2
DA:17,2
DA:19,3
DA:21,1
DA:22,4
DA:23,2
DA:24,1
LF:8
LH:8
end_of_record
SF:lib\presentation\bloc\popular\popular_tv_series_event.dart
DA:4,2
DA:6,0
DA:7,0
LF:3
LH:1
end_of_record
SF:lib\presentation\bloc\popular\popular_tv_series_state.dart
DA:4,4
DA:6,1
DA:7,1
DA:17,2
DA:19,1
DA:20,2
DA:26,3
DA:28,1
DA:29,2
LF:9
LH:9
end_of_record
SF:lib\presentation\bloc\recommendations\tv_series_recommendations_state.dart
DA:4,3
DA:6,1
DA:7,1
DA:17,2
DA:19,1
DA:20,2
DA:26,2
DA:28,1
DA:29,2
LF:9
LH:9
end_of_record
SF:lib\presentation\bloc\recommendations\tv_series_recommendations_event.dart
DA:4,2
DA:6,0
DA:7,0
DA:13,2
DA:15,0
DA:16,0
LF:6
LH:2
end_of_record
SF:lib\presentation\bloc\recommendations\tv_series_recommendations_bloc.dart
DA:14,1
DA:15,2
DA:16,2
DA:17,2
DA:19,4
DA:21,1
DA:22,4
DA:23,2
DA:24,1
LF:9
LH:9
end_of_record
SF:lib\presentation\bloc\top_rated\top_rated_tv_series_event.dart
DA:4,2
DA:6,0
DA:7,0
LF:3
LH:1
end_of_record
SF:lib\presentation\bloc\top_rated\top_rated_tv_series_state.dart
DA:4,4
DA:6,1
DA:7,1
DA:17,2
DA:19,1
DA:20,2
DA:26,3
DA:28,1
DA:29,2
LF:9
LH:9
end_of_record
SF:lib\presentation\bloc\top_rated\top_rated_tv_series_bloc.dart
DA:15,3
DA:16,2
DA:17,2
DA:19,3
DA:21,1
DA:22,4
DA:23,2
DA:24,1
LF:8
LH:8
end_of_record
SF:lib\presentation\pages\home_tv_page.dart
DA:17,0
DA:19,0
DA:20,0
DA:24,0
DA:26,0
DA:27,0
DA:28,0
DA:29,0
DA:30,0
DA:31,0
DA:32,0
DA:33,0
DA:34,0
DA:35,0
DA:36,0
DA:40,0
DA:42,0
DA:43,0
DA:44,0
DA:45,0
DA:53,0
DA:56,0
DA:57,0
DA:60,0
DA:63,0
DA:64,0
DA:67,0
DA:70,0
DA:71,0
DA:74,0
DA:75,0
DA:76,0
DA:84,0
DA:86,0
DA:87,0
DA:88,0
DA:89,0
DA:95,0
DA:97,0
DA:98,0
DA:100,0
DA:101,0
DA:103,0
DA:106,0
DA:107,0
DA:108,0
DA:112,0
DA:113,0
DA:118,0
DA:120,0
DA:123,0
DA:124,0
DA:125,0
DA:129,0
DA:130,0
DA:135,0
DA:137,0
DA:140,0
DA:141,0
DA:142,0
DA:146,0
DA:147,0
DA:159,0
DA:160,0
DA:162,0
DA:163,0
DA:165,0
DA:167,0
DA:169,0
DA:171,0
DA:184,0
DA:186,0
DA:188,0
DA:190,0
DA:192,0
DA:193,0
DA:194,0
DA:196,0
DA:197,0
DA:198,0
DA:201,0
DA:204,0
DA:206,0
DA:207,0
DA:208,0
DA:211,0
DA:217,0
LF:87
LH:0
end_of_record
SF:lib\presentation\pages\on_the_air_tv_series_page.dart
DA:10,1
DA:12,1
DA:13,1
DA:17,1
DA:19,1
DA:20,2
DA:21,4
DA:24,1
DA:26,1
DA:27,1
DA:30,1
DA:32,1
DA:33,1
DA:34,1
DA:38,1
DA:39,1
DA:40,0
DA:41,0
DA:42,0
DA:44,2
DA:46,1
DA:47,1
DA:49,2
DA:52,0
LF:24
LH:20
end_of_record
SF:lib\presentation\pages\popular_tv_series_page.dart
DA:10,1
DA:12,1
DA:13,1
DA:17,1
DA:19,1
DA:20,1
DA:21,5
DA:24,1
DA:26,1
DA:27,1
DA:30,1
DA:32,1
DA:33,1
DA:34,1
DA:38,1
DA:39,1
DA:40,0
DA:41,0
DA:42,0
DA:44,2
DA:46,1
DA:47,1
DA:49,2
DA:52,0
LF:24
LH:20
end_of_record
SF:lib\presentation\pages\top_rated_tv_series_page.dart
DA:10,1
DA:12,1
DA:13,1
DA:17,1
DA:19,1
DA:20,2
DA:21,4
DA:24,1
DA:26,1
DA:27,1
DA:30,1
DA:32,1
DA:33,1
DA:34,1
DA:38,1
DA:39,1
DA:40,0
DA:41,0
DA:42,0
DA:44,2
DA:46,1
DA:47,1
DA:49,2
DA:52,0
LF:24
LH:20
end_of_record
SF:lib\presentation\pages\tv_series_detail_page.dart
DA:18,1
DA:20,1
DA:21,1
DA:25,1
DA:27,1
DA:28,2
DA:29,6
DA:30,1
DA:31,1
DA:32,4
DA:33,1
DA:34,1
DA:35,4
DA:39,1
DA:41,1
DA:42,1
DA:43,1
DA:44,1
DA:48,1
DA:49,1
DA:50,1
DA:51,1
DA:53,0
DA:54,0
DA:56,0
DA:59,0
DA:70,2
DA:72,1
DA:74,3
DA:75,1
DA:76,1
DA:77,1
DA:79,3
DA:81,1
DA:84,0
DA:86,1
DA:88,1
DA:89,1
DA:90,1
DA:100,1
DA:101,1
DA:102,1
DA:104,1
DA:106,1
DA:108,1
DA:109,1
DA:110,2
DA:111,1
DA:113,1
DA:115,1
DA:116,1
DA:117,1
DA:118,1
DA:119,1
DA:121,1
DA:122,2
DA:123,1
DA:126,1
DA:127,2
DA:128,1
DA:132,1
DA:133,1
DA:134,1
DA:138,1
DA:139,1
DA:141,1
DA:142,1
DA:143,2
DA:145,0
DA:147,0
DA:148,0
DA:149,0
DA:154,1
DA:156,1
DA:157,1
DA:158,1
DA:161,0
DA:168,1
DA:169,3
DA:171,1
DA:172,1
DA:173,3
DA:175,1
DA:176,1
DA:177,3
DA:179,1
DA:180,1
DA:181,1
DA:182,3
DA:184,1
DA:190,4
DA:194,1
DA:196,1
DA:198,1
DA:199,2
DA:202,1
DA:204,1
DA:206,1
DA:208,1
DA:209,1
DA:214,1
DA:215,0
DA:217,1
DA:218,1
DA:220,1
DA:222,0
DA:223,0
DA:224,0
DA:226,0
DA:227,0
DA:228,0
DA:231,0
DA:234,0
DA:239,0
DA:241,0
DA:242,0
DA:248,0
DA:255,2
DA:259,0
DA:267,1
DA:269,1
DA:284,1
DA:286,1
DA:289,1
DA:291,0
DA:292,0
DA:301,1
DA:303,2
DA:304,3
DA:307,1
DA:311,3
LF:131
LH:105
end_of_record
