SF:lib\domain\usecases\movies\get_watchlist_movies.dart
DA:9,1
DA:11,1
DA:12,2
LF:3
LH:3
end_of_record
SF:lib\domain\usecases\movies\get_watchlist_status.dart
DA:6,1
DA:8,1
DA:9,2
LF:3
LH:3
end_of_record
SF:lib\domain\usecases\movies\remove_watchlist.dart
DA:9,1
DA:11,1
DA:12,2
LF:3
LH:3
end_of_record
SF:lib\domain\usecases\movies\save_watchlist.dart
DA:9,1
DA:11,1
DA:12,2
LF:3
LH:3
end_of_record
SF:lib\domain\usecases\tv_series\get_watchlist_status_tv_series.dart
DA:6,1
DA:8,1
DA:9,2
LF:3
LH:3
end_of_record
SF:lib\domain\usecases\tv_series\get_watchlist_tv_series.dart
DA:10,1
DA:12,1
DA:13,2
LF:3
LH:3
end_of_record
SF:lib\domain\usecases\tv_series\remove_watchlist_tv_series.dart
DA:10,1
DA:12,1
DA:13,2
LF:3
LH:3
end_of_record
SF:lib\domain\usecases\tv_series\save_watchlist_tv_series.dart
DA:10,1
DA:12,1
DA:13,2
LF:3
LH:3
end_of_record
SF:lib\presentation\bloc\movies\watchlist_movies_state.dart
DA:4,2
DA:6,1
DA:7,1
DA:17,2
DA:19,1
DA:20,2
DA:26,1
DA:28,1
DA:29,2
DA:36,2
DA:38,1
DA:39,3
LF:12
LH:12
end_of_record
SF:lib\presentation\bloc\movies\watchlist_movies_bloc.dart
DA:21,1
DA:26,2
DA:27,1
DA:28,2
DA:30,1
DA:31,2
DA:33,1
DA:34,2
DA:36,1
DA:37,2
DA:41,1
DA:45,2
DA:47,3
DA:49,1
DA:50,1
DA:51,3
DA:53,1
DA:54,1
DA:55,0
DA:57,2
DA:63,1
DA:67,4
DA:69,1
DA:70,1
DA:71,3
DA:73,1
DA:74,1
DA:75,1
DA:81,1
DA:85,4
DA:87,1
DA:88,1
DA:89,3
DA:91,1
DA:92,1
DA:93,1
DA:99,1
DA:103,4
DA:104,2
LF:39
LH:38
end_of_record
SF:lib\presentation\bloc\movies\watchlist_movies_event.dart
DA:4,2
DA:6,0
DA:7,0
DA:15,1
DA:21,1
DA:23,0
DA:24,0
DA:30,1
DA:32,0
DA:33,0
LF:10
LH:4
end_of_record
SF:lib\presentation\bloc\tv_series\watchlist_tv_series_state.dart
DA:4,2
DA:6,1
DA:7,1
DA:17,2
DA:19,1
DA:20,2
DA:26,1
DA:28,1
DA:29,2
DA:36,2
DA:38,1
DA:39,3
LF:12
LH:12
end_of_record
SF:lib\presentation\bloc\tv_series\watchlist_tv_series_event.dart
DA:4,2
DA:6,0
DA:7,0
DA:15,1
DA:21,1
DA:23,0
DA:24,0
DA:30,1
DA:32,0
DA:33,0
LF:10
LH:4
end_of_record
SF:lib\presentation\bloc\tv_series\watchlist_tv_series_bloc.dart
DA:24,1
DA:29,2
DA:30,1
DA:31,2
DA:33,1
DA:34,2
DA:36,1
DA:37,2
DA:39,1
DA:40,2
DA:44,1
DA:48,2
DA:50,3
DA:52,1
DA:53,1
DA:54,3
DA:56,1
DA:57,1
DA:58,0
DA:60,2
DA:66,1
DA:70,4
DA:72,1
DA:73,1
DA:74,3
DA:76,1
DA:77,1
DA:78,1
DA:84,1
DA:88,4
DA:90,1
DA:91,1
DA:92,3
DA:94,1
DA:95,1
DA:96,1
DA:102,1
DA:106,4
DA:107,2
LF:39
LH:38
end_of_record
SF:lib\presentation\pages\watchlist_movies_page.dart
DA:8,10
DA:10,0
DA:11,0
DA:16,0
DA:18,0
DA:19,0
DA:20,0
DA:23,0
DA:25,0
DA:26,0
DA:29,0
DA:31,0
DA:34,0
DA:36,0
DA:37,0
DA:39,0
DA:40,0
DA:41,0
DA:45,0
DA:46,0
DA:47,0
DA:48,0
DA:49,0
DA:50,0
DA:52,0
DA:54,0
DA:55,0
DA:57,0
DA:60,0
DA:68,0
DA:70,0
DA:71,0
LF:32
LH:1
end_of_record
SF:lib\presentation\pages\watchlist_page.dart
DA:9,0
DA:11,0
DA:13,0
DA:15,0
DA:16,0
LF:5
LH:0
end_of_record
SF:lib\presentation\pages\watchlist_tv_series_page.dart
DA:9,10
DA:11,0
DA:12,0
DA:17,0
DA:19,0
DA:20,0
DA:21,0
DA:24,0
DA:26,0
DA:27,0
DA:30,0
DA:32,0
DA:35,0
DA:37,0
DA:38,0
DA:40,0
DA:41,0
DA:42,0
DA:46,0
DA:47,0
DA:48,0
DA:49,0
DA:50,0
DA:51,0
DA:53,0
DA:55,0
DA:56,0
DA:58,0
DA:61,0
DA:69,0
DA:71,0
DA:72,0
LF:32
LH:1
end_of_record
